# JRE version: OpenJDK Runtime Environment Temurin-21.0.8+9 (21.0.8+9) (build 21.0.8+9-LTS)
# Java VM: OpenJDK 64-Bit Server VM Temurin-21.0.8+9 (21.0.8+9-LTS, mixed mode, emulated-client, sharing, tiered, compressed oops, compressed class ptrs, g1 gc, windows-amd64)
GC Precious Log:
 CardTable entry size: 512
 Card Set container configuration: InlinePtr #cards 5 size 8 Array Of Cards #cards 12 size 40 Howl #buckets 4 coarsen threshold 1843 Howl Bitmap #cards 512 size 80 coarsen threshold 460 Card regions per heap region 1 cards per card region 2048
 CPUs: 8 total, 8 available
 Memory: 16221M
 Large Page Support: Disabled
 NUMA Support: Disabled
 Compressed Oops: Enabled (32-bit)
 Heap Region Size: 1M
 Heap Min Capacity: 8M
 Heap Initial Capacity: 254M
 Heap Max Capacity: 1G
 Pre-touch: Disabled
 Parallel Workers: 8
 Concurrent Workers: 2
 Concurrent Refinement Workers: 8
 Periodic GC: Disabled
Heap:
 garbage-first heap   total 89088K, used 25740K [0x00000000c0000000, 0x0000000100000000)
  region size 1024K, 1 young (1024K), 0 survivors (0K)
 Metaspace       used 34446K, committed 35328K, reserved 1114112K
  class space    used 4647K, committed 4992K, reserved 1048576K
GC Heap History (20 events):
Event: 6301.372 GC heap after
{Heap after GC invocations=472 (full 466):
 garbage-first heap   total 89088K, used 25740K [0x00000000c0000000, 0x0000000100000000)
  region size 1024K, 0 young (0K), 0 survivors (0K)
 Metaspace       used 34446K, committed 35328K, reserved 1114112K
  class space    used 4647K, committed 4992K, reserved 1048576K
}
Event: 6311.607 GC heap before
{Heap before GC invocations=472 (full 466):
 garbage-first heap   total 89088K, used 25740K [0x00000000c0000000, 0x0000000100000000)
  region size 1024K, 1 young (1024K), 0 survivors (0K)
 Metaspace       used 34446K, committed 35328K, reserved 1114112K
  class space    used 4647K, committed 4992K, reserved 1048576K
}
Event: 6311.626 GC heap after
{Heap after GC invocations=473 (full 467):
 garbage-first heap   total 89088K, used 25740K [0x00000000c0000000, 0x0000000100000000)
  region size 1024K, 0 young (0K), 0 survivors (0K)
 Metaspace       used 34446K, committed 35328K, reserved 1114112K
  class space    used 4647K, committed 4992K, reserved 1048576K
}
Event: 6321.891 GC heap before
{Heap before GC invocations=473 (full 467):
 garbage-first heap   total 89088K, used 25740K [0x00000000c0000000, 0x0000000100000000)
  region size 1024K, 1 young (1024K), 0 survivors (0K)
 Metaspace       used 34446K, committed 35328K, reserved 1114112K
  class space    used 4647K, committed 4992K, reserved 1048576K
}
Event: 6321.909 GC heap after
{Heap after GC invocations=474 (full 468):
 garbage-first heap   total 89088K, used 25740K [0x00000000c0000000, 0x0000000100000000)
  region size 1024K, 0 young (0K), 0 survivors (0K)
 Metaspace       used 34446K, committed 35328K, reserved 1114112K
  class space    used 4647K, committed 4992K, reserved 1048576K
}
Event: 6332.160 GC heap before
{Heap before GC invocations=474 (full 468):
 garbage-first heap   total 89088K, used 25740K [0x00000000c0000000, 0x0000000100000000)
  region size 1024K, 1 young (1024K), 0 survivors (0K)
 Metaspace       used 34446K, committed 35328K, reserved 1114112K
  class space    used 4647K, committed 4992K, reserved 1048576K
}
Event: 6332.179 GC heap after
{Heap after GC invocations=475 (full 469):
 garbage-first heap   total 89088K, used 25740K [0x00000000c0000000, 0x0000000100000000)
  region size 1024K, 0 young (0K), 0 survivors (0K)
 Metaspace       used 34446K, committed 35328K, reserved 1114112K
  class space    used 4647K, committed 4992K, reserved 1048576K
}
Event: 6342.413 GC heap before
{Heap before GC invocations=475 (full 469):
 garbage-first heap   total 89088K, used 25740K [0x00000000c0000000, 0x0000000100000000)
  region size 1024K, 1 young (1024K), 0 survivors (0K)
 Metaspace       used 34446K, committed 35328K, reserved 1114112K
  class space    used 4647K, committed 4992K, reserved 1048576K
}
Event: 6342.436 GC heap after
{Heap after GC invocations=476 (full 470):
 garbage-first heap   total 89088K, used 25740K [0x00000000c0000000, 0x0000000100000000)
  region size 1024K, 0 young (0K), 0 survivors (0K)
 Metaspace       used 34446K, committed 35328K, reserved 1114112K
  class space    used 4647K, committed 4992K, reserved 1048576K
}
Event: 6352.700 GC heap before
{Heap before GC invocations=476 (full 470):
 garbage-first heap   total 89088K, used 25740K [0x00000000c0000000, 0x0000000100000000)
  region size 1024K, 1 young (1024K), 0 survivors (0K)
 Metaspace       used 34446K, committed 35328K, reserved 1114112K
  class space    used 4647K, committed 4992K, reserved 1048576K
}
Event: 6352.719 GC heap after
{Heap after GC invocations=477 (full 471):
 garbage-first heap   total 89088K, used 25740K [0x00000000c0000000, 0x0000000100000000)
  region size 1024K, 0 young (0K), 0 survivors (0K)
 Metaspace       used 34446K, committed 35328K, reserved 1114112K
  class space    used 4647K, committed 4992K, reserved 1048576K
}
Event: 6362.860 GC heap before
{Heap before GC invocations=477 (full 471):
 garbage-first heap   total 89088K, used 25740K [0x00000000c0000000, 0x0000000100000000)
  region size 1024K, 1 young (1024K), 0 survivors (0K)
 Metaspace       used 34446K, committed 35328K, reserved 1114112K
  class space    used 4647K, committed 4992K, reserved 1048576K
}
Event: 6362.878 GC heap after
{Heap after GC invocations=478 (full 472):
 garbage-first heap   total 89088K, used 25740K [0x00000000c0000000, 0x0000000100000000)
  region size 1024K, 0 young (0K), 0 survivors (0K)
 Metaspace       used 34446K, committed 35328K, reserved 1114112K
  class space    used 4647K, committed 4992K, reserved 1048576K
}
Event: 6373.114 GC heap before
{Heap before GC invocations=478 (full 472):
 garbage-first heap   total 89088K, used 25740K [0x00000000c0000000, 0x0000000100000000)
  region size 1024K, 1 young (1024K), 0 survivors (0K)
 Metaspace       used 34446K, committed 35328K, reserved 1114112K
  class space    used 4647K, committed 4992K, reserved 1048576K
}
Event: 6373.142 GC heap after
{Heap after GC invocations=479 (full 473):
 garbage-first heap   total 89088K, used 25740K [0x00000000c0000000, 0x0000000100000000)
  region size 1024K, 0 young (0K), 0 survivors (0K)
 Metaspace       used 34446K, committed 35328K, reserved 1114112K
  class space    used 4647K, committed 4992K, reserved 1048576K
}
Event: 6383.444 GC heap before
{Heap before GC invocations=479 (full 473):
 garbage-first heap   total 89088K, used 25740K [0x00000000c0000000, 0x0000000100000000)
  region size 1024K, 1 young (1024K), 0 survivors (0K)
 Metaspace       used 34446K, committed 35328K, reserved 1114112K
  class space    used 4647K, committed 4992K, reserved 1048576K
}
Event: 6383.463 GC heap after
{Heap after GC invocations=480 (full 474):
 garbage-first heap   total 89088K, used 25740K [0x00000000c0000000, 0x0000000100000000)
  region size 1024K, 0 young (0K), 0 survivors (0K)
 Metaspace       used 34446K, committed 35328K, reserved 1114112K
  class space    used 4647K, committed 4992K, reserved 1048576K
}
Event: 6393.760 GC heap before
{Heap before GC invocations=480 (full 474):
 garbage-first heap   total 89088K, used 25740K [0x00000000c0000000, 0x0000000100000000)
  region size 1024K, 1 young (1024K), 0 survivors (0K)
 Metaspace       used 34446K, committed 35328K, reserved 1114112K
  class space    used 4647K, committed 4992K, reserved 1048576K
}
Event: 6393.779 GC heap after
{Heap after GC invocations=481 (full 475):
 garbage-first heap   total 89088K, used 25740K [0x00000000c0000000, 0x0000000100000000)
  region size 1024K, 0 young (0K), 0 survivors (0K)
 Metaspace       used 34446K, committed 35328K, reserved 1114112K
  class space    used 4647K, committed 4992K, reserved 1048576K
}
Event: 6404.822 GC heap before
{Heap before GC invocations=481 (full 475):
 garbage-first heap   total 89088K, used 25740K [0x00000000c0000000, 0x0000000100000000)
  region size 1024K, 1 young (1024K), 0 survivors (0K)
 Metaspace       used 34446K, committed 35328K, reserved 1114112K
  class space    used 4647K, committed 4992K, reserved 1048576K
}

