# JRE version: OpenJDK Runtime Environment Temurin-21.0.8+9 (21.0.8+9) (build 21.0.8+9-LTS)
# Java VM: OpenJDK 64-Bit Server VM Temurin-21.0.8+9 (21.0.8+9-LTS, mixed mode, emulated-client, sharing, tiered, compressed oops, compressed class ptrs, g1 gc, windows-amd64)
GC Precious Log:
 CardTable entry size: 512
 Card Set container configuration: InlinePtr #cards 5 size 8 Array Of Cards #cards 12 size 40 Howl #buckets 4 coarsen threshold 1843 Howl Bitmap #cards 512 size 80 coarsen threshold 460 Card regions per heap region 1 cards per card region 2048
 CPUs: 8 total, 8 available
 Memory: 16221M
 Large Page Support: Disabled
 NUMA Support: Disabled
 Compressed Oops: Enabled (32-bit)
 Heap Region Size: 1M
 Heap Min Capacity: 8M
 Heap Initial Capacity: 254M
 Heap Max Capacity: 1G
 Pre-touch: Disabled
 Parallel Workers: 8
 Concurrent Workers: 2
 Concurrent Refinement Workers: 8
 Periodic GC: Disabled
Heap:
 garbage-first heap   total 103424K, used 41600K [0x00000000c0000000, 0x0000000100000000)
  region size 1024K, 1 young (1024K), 0 survivors (0K)
 Metaspace       used 55953K, committed 56896K, reserved 1114112K
  class space    used 7039K, committed 7424K, reserved 1048576K
GC Heap History (20 events):
Event: 29461.556 GC heap after
{Heap after GC invocations=2027 (full 2006):
 garbage-first heap   total 103424K, used 41600K [0x00000000c0000000, 0x0000000100000000)
  region size 1024K, 0 young (0K), 0 survivors (0K)
 Metaspace       used 55953K, committed 56896K, reserved 1114112K
  class space    used 7039K, committed 7424K, reserved 1048576K
}
Event: 29471.897 GC heap before
{Heap before GC invocations=2027 (full 2006):
 garbage-first heap   total 103424K, used 41600K [0x00000000c0000000, 0x0000000100000000)
  region size 1024K, 1 young (1024K), 0 survivors (0K)
 Metaspace       used 55953K, committed 56896K, reserved 1114112K
  class space    used 7039K, committed 7424K, reserved 1048576K
}
Event: 29471.919 GC heap after
{Heap after GC invocations=2028 (full 2007):
 garbage-first heap   total 103424K, used 41600K [0x00000000c0000000, 0x0000000100000000)
  region size 1024K, 0 young (0K), 0 survivors (0K)
 Metaspace       used 55953K, committed 56896K, reserved 1114112K
  class space    used 7039K, committed 7424K, reserved 1048576K
}
Event: 29482.101 GC heap before
{Heap before GC invocations=2028 (full 2007):
 garbage-first heap   total 103424K, used 41600K [0x00000000c0000000, 0x0000000100000000)
  region size 1024K, 1 young (1024K), 0 survivors (0K)
 Metaspace       used 55953K, committed 56896K, reserved 1114112K
  class space    used 7039K, committed 7424K, reserved 1048576K
}
Event: 29482.123 GC heap after
{Heap after GC invocations=2029 (full 2008):
 garbage-first heap   total 103424K, used 41600K [0x00000000c0000000, 0x0000000100000000)
  region size 1024K, 0 young (0K), 0 survivors (0K)
 Metaspace       used 55953K, committed 56896K, reserved 1114112K
  class space    used 7039K, committed 7424K, reserved 1048576K
}
Event: 29492.267 GC heap before
{Heap before GC invocations=2029 (full 2008):
 garbage-first heap   total 103424K, used 41600K [0x00000000c0000000, 0x0000000100000000)
  region size 1024K, 1 young (1024K), 0 survivors (0K)
 Metaspace       used 55953K, committed 56896K, reserved 1114112K
  class space    used 7039K, committed 7424K, reserved 1048576K
}
Event: 29492.289 GC heap after
{Heap after GC invocations=2030 (full 2009):
 garbage-first heap   total 103424K, used 41600K [0x00000000c0000000, 0x0000000100000000)
  region size 1024K, 0 young (0K), 0 survivors (0K)
 Metaspace       used 55953K, committed 56896K, reserved 1114112K
  class space    used 7039K, committed 7424K, reserved 1048576K
}
Event: 29502.641 GC heap before
{Heap before GC invocations=2030 (full 2009):
 garbage-first heap   total 103424K, used 41600K [0x00000000c0000000, 0x0000000100000000)
  region size 1024K, 1 young (1024K), 0 survivors (0K)
 Metaspace       used 55953K, committed 56896K, reserved 1114112K
  class space    used 7039K, committed 7424K, reserved 1048576K
}
Event: 29502.705 GC heap after
{Heap after GC invocations=2031 (full 2010):
 garbage-first heap   total 103424K, used 41600K [0x00000000c0000000, 0x0000000100000000)
  region size 1024K, 0 young (0K), 0 survivors (0K)
 Metaspace       used 55953K, committed 56896K, reserved 1114112K
  class space    used 7039K, committed 7424K, reserved 1048576K
}
Event: 29512.872 GC heap before
{Heap before GC invocations=2031 (full 2010):
 garbage-first heap   total 103424K, used 41600K [0x00000000c0000000, 0x0000000100000000)
  region size 1024K, 1 young (1024K), 0 survivors (0K)
 Metaspace       used 55953K, committed 56896K, reserved 1114112K
  class space    used 7039K, committed 7424K, reserved 1048576K
}
Event: 29512.903 GC heap after
{Heap after GC invocations=2032 (full 2011):
 garbage-first heap   total 103424K, used 41600K [0x00000000c0000000, 0x0000000100000000)
  region size 1024K, 0 young (0K), 0 survivors (0K)
 Metaspace       used 55953K, committed 56896K, reserved 1114112K
  class space    used 7039K, committed 7424K, reserved 1048576K
}
Event: 29523.088 GC heap before
{Heap before GC invocations=2032 (full 2011):
 garbage-first heap   total 103424K, used 41600K [0x00000000c0000000, 0x0000000100000000)
  region size 1024K, 1 young (1024K), 0 survivors (0K)
 Metaspace       used 55953K, committed 56896K, reserved 1114112K
  class space    used 7039K, committed 7424K, reserved 1048576K
}
Event: 29523.125 GC heap after
{Heap after GC invocations=2033 (full 2012):
 garbage-first heap   total 103424K, used 41600K [0x00000000c0000000, 0x0000000100000000)
  region size 1024K, 0 young (0K), 0 survivors (0K)
 Metaspace       used 55953K, committed 56896K, reserved 1114112K
  class space    used 7039K, committed 7424K, reserved 1048576K
}
Event: 29533.393 GC heap before
{Heap before GC invocations=2033 (full 2012):
 garbage-first heap   total 103424K, used 41600K [0x00000000c0000000, 0x0000000100000000)
  region size 1024K, 1 young (1024K), 0 survivors (0K)
 Metaspace       used 55953K, committed 56896K, reserved 1114112K
  class space    used 7039K, committed 7424K, reserved 1048576K
}
Event: 29533.418 GC heap after
{Heap after GC invocations=2034 (full 2013):
 garbage-first heap   total 103424K, used 41600K [0x00000000c0000000, 0x0000000100000000)
  region size 1024K, 0 young (0K), 0 survivors (0K)
 Metaspace       used 55953K, committed 56896K, reserved 1114112K
  class space    used 7039K, committed 7424K, reserved 1048576K
}
Event: 29543.662 GC heap before
{Heap before GC invocations=2034 (full 2013):
 garbage-first heap   total 103424K, used 41600K [0x00000000c0000000, 0x0000000100000000)
  region size 1024K, 1 young (1024K), 0 survivors (0K)
 Metaspace       used 55953K, committed 56896K, reserved 1114112K
  class space    used 7039K, committed 7424K, reserved 1048576K
}
Event: 29543.688 GC heap after
{Heap after GC invocations=2035 (full 2014):
 garbage-first heap   total 103424K, used 41600K [0x00000000c0000000, 0x0000000100000000)
  region size 1024K, 0 young (0K), 0 survivors (0K)
 Metaspace       used 55953K, committed 56896K, reserved 1114112K
  class space    used 7039K, committed 7424K, reserved 1048576K
}
Event: 29553.903 GC heap before
{Heap before GC invocations=2035 (full 2014):
 garbage-first heap   total 103424K, used 41600K [0x00000000c0000000, 0x0000000100000000)
  region size 1024K, 1 young (1024K), 0 survivors (0K)
 Metaspace       used 55953K, committed 56896K, reserved 1114112K
  class space    used 7039K, committed 7424K, reserved 1048576K
}
Event: 29553.929 GC heap after
{Heap after GC invocations=2036 (full 2015):
 garbage-first heap   total 103424K, used 41600K [0x00000000c0000000, 0x0000000100000000)
  region size 1024K, 0 young (0K), 0 survivors (0K)
 Metaspace       used 55953K, committed 56896K, reserved 1114112K
  class space    used 7039K, committed 7424K, reserved 1048576K
}
Event: 29564.389 GC heap before
{Heap before GC invocations=2036 (full 2015):
 garbage-first heap   total 103424K, used 41600K [0x00000000c0000000, 0x0000000100000000)
  region size 1024K, 1 young (1024K), 0 survivors (0K)
 Metaspace       used 55953K, committed 56896K, reserved 1114112K
  class space    used 7039K, committed 7424K, reserved 1048576K
}

