# JRE version: OpenJDK Runtime Environment Temurin-21.0.8+9 (21.0.8+9) (build 21.0.8+9-LTS)
# Java VM: OpenJDK 64-Bit Server VM Temurin-21.0.8+9 (21.0.8+9-LTS, mixed mode, emulated-client, sharing, tiered, compressed oops, compressed class ptrs, g1 gc, windows-amd64)
GC Precious Log:
 CardTable entry size: 512
 Card Set container configuration: InlinePtr #cards 5 size 8 Array Of Cards #cards 12 size 40 Howl #buckets 4 coarsen threshold 1843 Howl Bitmap #cards 512 size 80 coarsen threshold 460 Card regions per heap region 1 cards per card region 2048
 CPUs: 8 total, 8 available
 Memory: 16221M
 Large Page Support: Disabled
 NUMA Support: Disabled
 Compressed Oops: Enabled (32-bit)
 Heap Region Size: 1M
 Heap Min Capacity: 8M
 Heap Initial Capacity: 254M
 Heap Max Capacity: 1G
 Pre-touch: Disabled
 Parallel Workers: 8
 Concurrent Workers: 2
 Concurrent Refinement Workers: 8
 Periodic GC: Disabled
Heap:
 garbage-first heap   total 89088K, used 25595K [0x00000000c0000000, 0x0000000100000000)
  region size 1024K, 1 young (1024K), 0 survivors (0K)
 Metaspace       used 34342K, committed 35264K, reserved 1114112K
  class space    used 4618K, committed 4992K, reserved 1048576K
GC Heap History (20 events):
Event: 1550.005 GC heap after
{Heap after GC invocations=148 (full 142):
 garbage-first heap   total 89088K, used 25595K [0x00000000c0000000, 0x0000000100000000)
  region size 1024K, 0 young (0K), 0 survivors (0K)
 Metaspace       used 34342K, committed 35264K, reserved 1114112K
  class space    used 4618K, committed 4992K, reserved 1048576K
}
Event: 1560.312 GC heap before
{Heap before GC invocations=148 (full 142):
 garbage-first heap   total 89088K, used 25595K [0x00000000c0000000, 0x0000000100000000)
  region size 1024K, 1 young (1024K), 0 survivors (0K)
 Metaspace       used 34342K, committed 35264K, reserved 1114112K
  class space    used 4618K, committed 4992K, reserved 1048576K
}
Event: 1560.329 GC heap after
{Heap after GC invocations=149 (full 143):
 garbage-first heap   total 89088K, used 25595K [0x00000000c0000000, 0x0000000100000000)
  region size 1024K, 0 young (0K), 0 survivors (0K)
 Metaspace       used 34342K, committed 35264K, reserved 1114112K
  class space    used 4618K, committed 4992K, reserved 1048576K
}
Event: 1570.807 GC heap before
{Heap before GC invocations=149 (full 143):
 garbage-first heap   total 89088K, used 25595K [0x00000000c0000000, 0x0000000100000000)
  region size 1024K, 1 young (1024K), 0 survivors (0K)
 Metaspace       used 34342K, committed 35264K, reserved 1114112K
  class space    used 4618K, committed 4992K, reserved 1048576K
}
Event: 1570.884 GC heap after
{Heap after GC invocations=150 (full 144):
 garbage-first heap   total 89088K, used 25595K [0x00000000c0000000, 0x0000000100000000)
  region size 1024K, 0 young (0K), 0 survivors (0K)
 Metaspace       used 34342K, committed 35264K, reserved 1114112K
  class space    used 4618K, committed 4992K, reserved 1048576K
}
Event: 1581.285 GC heap before
{Heap before GC invocations=150 (full 144):
 garbage-first heap   total 89088K, used 25595K [0x00000000c0000000, 0x0000000100000000)
  region size 1024K, 1 young (1024K), 0 survivors (0K)
 Metaspace       used 34342K, committed 35264K, reserved 1114112K
  class space    used 4618K, committed 4992K, reserved 1048576K
}
Event: 1581.353 GC heap after
{Heap after GC invocations=151 (full 145):
 garbage-first heap   total 89088K, used 25595K [0x00000000c0000000, 0x0000000100000000)
  region size 1024K, 0 young (0K), 0 survivors (0K)
 Metaspace       used 34342K, committed 35264K, reserved 1114112K
  class space    used 4618K, committed 4992K, reserved 1048576K
}
Event: 1591.482 GC heap before
{Heap before GC invocations=151 (full 145):
 garbage-first heap   total 89088K, used 25595K [0x00000000c0000000, 0x0000000100000000)
  region size 1024K, 1 young (1024K), 0 survivors (0K)
 Metaspace       used 34342K, committed 35264K, reserved 1114112K
  class space    used 4618K, committed 4992K, reserved 1048576K
}
Event: 1591.499 GC heap after
{Heap after GC invocations=152 (full 146):
 garbage-first heap   total 89088K, used 25595K [0x00000000c0000000, 0x0000000100000000)
  region size 1024K, 0 young (0K), 0 survivors (0K)
 Metaspace       used 34342K, committed 35264K, reserved 1114112K
  class space    used 4618K, committed 4992K, reserved 1048576K
}
Event: 1601.791 GC heap before
{Heap before GC invocations=152 (full 146):
 garbage-first heap   total 89088K, used 25595K [0x00000000c0000000, 0x0000000100000000)
  region size 1024K, 1 young (1024K), 0 survivors (0K)
 Metaspace       used 34342K, committed 35264K, reserved 1114112K
  class space    used 4618K, committed 4992K, reserved 1048576K
}
Event: 1601.811 GC heap after
{Heap after GC invocations=153 (full 147):
 garbage-first heap   total 89088K, used 25595K [0x00000000c0000000, 0x0000000100000000)
  region size 1024K, 0 young (0K), 0 survivors (0K)
 Metaspace       used 34342K, committed 35264K, reserved 1114112K
  class space    used 4618K, committed 4992K, reserved 1048576K
}
Event: 1612.012 GC heap before
{Heap before GC invocations=153 (full 147):
 garbage-first heap   total 89088K, used 25595K [0x00000000c0000000, 0x0000000100000000)
  region size 1024K, 1 young (1024K), 0 survivors (0K)
 Metaspace       used 34342K, committed 35264K, reserved 1114112K
  class space    used 4618K, committed 4992K, reserved 1048576K
}
Event: 1612.029 GC heap after
{Heap after GC invocations=154 (full 148):
 garbage-first heap   total 89088K, used 25595K [0x00000000c0000000, 0x0000000100000000)
  region size 1024K, 0 young (0K), 0 survivors (0K)
 Metaspace       used 34342K, committed 35264K, reserved 1114112K
  class space    used 4618K, committed 4992K, reserved 1048576K
}
Event: 1622.340 GC heap before
{Heap before GC invocations=154 (full 148):
 garbage-first heap   total 89088K, used 25595K [0x00000000c0000000, 0x0000000100000000)
  region size 1024K, 1 young (1024K), 0 survivors (0K)
 Metaspace       used 34342K, committed 35264K, reserved 1114112K
  class space    used 4618K, committed 4992K, reserved 1048576K
}
Event: 1622.358 GC heap after
{Heap after GC invocations=155 (full 149):
 garbage-first heap   total 89088K, used 25595K [0x00000000c0000000, 0x0000000100000000)
  region size 1024K, 0 young (0K), 0 survivors (0K)
 Metaspace       used 34342K, committed 35264K, reserved 1114112K
  class space    used 4618K, committed 4992K, reserved 1048576K
}
Event: 1632.773 GC heap before
{Heap before GC invocations=155 (full 149):
 garbage-first heap   total 89088K, used 25595K [0x00000000c0000000, 0x0000000100000000)
  region size 1024K, 1 young (1024K), 0 survivors (0K)
 Metaspace       used 34342K, committed 35264K, reserved 1114112K
  class space    used 4618K, committed 4992K, reserved 1048576K
}
Event: 1632.841 GC heap after
{Heap after GC invocations=156 (full 150):
 garbage-first heap   total 89088K, used 25595K [0x00000000c0000000, 0x0000000100000000)
  region size 1024K, 0 young (0K), 0 survivors (0K)
 Metaspace       used 34342K, committed 35264K, reserved 1114112K
  class space    used 4618K, committed 4992K, reserved 1048576K
}
Event: 1643.191 GC heap before
{Heap before GC invocations=156 (full 150):
 garbage-first heap   total 89088K, used 25595K [0x00000000c0000000, 0x0000000100000000)
  region size 1024K, 1 young (1024K), 0 survivors (0K)
 Metaspace       used 34342K, committed 35264K, reserved 1114112K
  class space    used 4618K, committed 4992K, reserved 1048576K
}
Event: 1643.207 GC heap after
{Heap after GC invocations=157 (full 151):
 garbage-first heap   total 89088K, used 25595K [0x00000000c0000000, 0x0000000100000000)
  region size 1024K, 0 young (0K), 0 survivors (0K)
 Metaspace       used 34342K, committed 35264K, reserved 1114112K
  class space    used 4618K, committed 4992K, reserved 1048576K
}
Event: 1657.511 GC heap before
{Heap before GC invocations=157 (full 151):
 garbage-first heap   total 89088K, used 25595K [0x00000000c0000000, 0x0000000100000000)
  region size 1024K, 1 young (1024K), 0 survivors (0K)
 Metaspace       used 34342K, committed 35264K, reserved 1114112K
  class space    used 4618K, committed 4992K, reserved 1048576K
}

